lab projects/Lab3b_DangerousApp/app/build/outputs/logs/manifest-merger-debug-report.txt
-- Merging decision tree log ---
manifest
ADDED from src\main\AndroidManifest.xml:2:1-58:12
	package
		ADDED from src\main\AndroidManifest.xml:3:5-39
		INJECTED from src\main\AndroidManifest.xml
		INJECTED from src\main\AndroidManifest.xml
	android:versionName
		ADDED from src\main\AndroidManifest.xml:5:5-30
		INJECTED from src\main\AndroidManifest.xml
		INJECTED from src\main\AndroidManifest.xml
	android:versionCode
		ADDED from src\main\AndroidManifest.xml:4:5-28
		INJECTED from src\main\AndroidManifest.xml
		INJECTED from src\main\AndroidManifest.xml
	xmlns:android
		ADDED from src\main\AndroidManifest.xml:2:11-69
uses-sdk
ADDED from src\main\AndroidManifest.xml:7:5-9:41
	android:targetSdkVersion
		ADDED from src\main\AndroidManifest.xml:9:9-38
		INJECTED from src\main\AndroidManifest.xml
		INJECTED from src\main\AndroidManifest.xml
	android:minSdkVersion
		ADDED from src\main\AndroidManifest.xml:8:9-35
		INJECTED from src\main\AndroidManifest.xml
		INJECTED from src\main\AndroidManifest.xml
permission#course.labs.permissions.DANGEROUS_ACTIVITY_PERM
ADDED from src\main\AndroidManifest.xml:17:5-22:18
	android:label
		ADDED from src\main\AndroidManifest.xml:20:9-44
	android:protectionLevel
		ADDED from src\main\AndroidManifest.xml:21:9-44
	android:description
		ADDED from src\main\AndroidManifest.xml:19:9-47
	android:name
		ADDED from src\main\AndroidManifest.xml:18:9-71
application
ADDED from src\main\AndroidManifest.xml:25:1-56:19
	android:label
		ADDED from src\main\AndroidManifest.xml:28:9-41
	android:allowBackup
		ADDED from src\main\AndroidManifest.xml:26:9-35
	android:icon
		ADDED from src\main\AndroidManifest.xml:27:9-45
	android:theme
		ADDED from src\main\AndroidManifest.xml:29:9-40
activity#course.labs.dangerousapp.DangerousActivity
ADDED from src\main\AndroidManifest.xml:33:9-55:20
	android:label
		ADDED from src\main\AndroidManifest.xml:36:13-45
	android:permission
		ADDED from src\main\AndroidManifest.xml:34:13-81
	android:name
		ADDED from src\main\AndroidManifest.xml:35:13-46
intent-filter#android.intent.action.VIEW+android.intent.category.APP_BROWSER+android.intent.category.DEFAULT+course.labs.permissions.DANGEROUS_ACTIVITY
ADDED from src\main\AndroidManifest.xml:43:13-48:29
action#android.intent.action.VIEW
ADDED from src\main\AndroidManifest.xml:44:17-69
	android:name
		ADDED from src\main\AndroidManifest.xml:44:25-66
action#course.labs.permissions.DANGEROUS_ACTIVITY
ADDED from src\main\AndroidManifest.xml:45:17-85
	android:name
		ADDED from src\main\AndroidManifest.xml:45:25-82
category#android.intent.category.APP_BROWSER
ADDED from src\main\AndroidManifest.xml:46:17-80
	android:name
		ADDED from src\main\AndroidManifest.xml:46:27-77
category#android.intent.category.DEFAULT
ADDED from src\main\AndroidManifest.xml:47:17-76
	android:name
		ADDED from src\main\AndroidManifest.xml:47:27-73
intent-filter#android.intent.action.MAIN+android.intent.category.LAUNCHER
ADDED from src\main\AndroidManifest.xml:50:13-54:29
action#android.intent.action.MAIN
ADDED from src\main\AndroidManifest.xml:51:17-69
	android:name
		ADDED from src\main\AndroidManifest.xml:51:25-66
category#android.intent.category.LAUNCHER
ADDED from src\main\AndroidManifest.xml:53:17-77
	android:name
		ADDED from src\main\AndroidManifest.xml:53:27-74